0 info it worked if it ends with ok
1 verbose cli [ 'C:\\nodejs\\node.exe',
1 verbose cli   'C:\\Users\\matta\\AppData\\Roaming\\npm\\node_modules\\npm\\bin\\npm-cli.js',
1 verbose cli   'start' ]
2 info using npm@3.9.2
3 info using node@v6.2.0
4 verbose run-script [ 'prestart', 'start', 'poststart' ]
5 info lifecycle whenisiton@1.0.0~prestart: whenisiton@1.0.0
6 silly lifecycle whenisiton@1.0.0~prestart: no script for prestart, continuing
7 info lifecycle whenisiton@1.0.0~start: whenisiton@1.0.0
8 verbose lifecycle whenisiton@1.0.0~start: unsafe-perm in lifecycle true
9 verbose lifecycle whenisiton@1.0.0~start: PATH: C:\Users\matta\AppData\Roaming\npm\node_modules\npm\bin\node-gyp-bin;C:\Code\WhenIsItOn\node_modules\.bin;C:\nodejs;C:\Go\bin;C:\ProgramData\Oracle\Java\javapath;C:\Windows\system32;C:\Windows;C:\Windows\System32\Wbem;C:\Windows\System32\WindowsPowerShell\v1.0\;C:\Program Files (x86)\Skype\Phone\;C:\Program Files (x86)\NVIDIA Corporation\PhysX\Common;C:\nodejs\;C:\Users\matta\.dnx\bin;C:\Program Files\Microsoft DNX\Dnvm\;C:\Program Files\Microsoft SQL Server\120\Tools\Binn\;C:\Program Files (x86)\Windows Kits\10\Windows Performance Toolkit\;C:\Program Files\FileBot\;C:\WINDOWS\system32;C:\WINDOWS;C:\Users\matta\AppData\Local\Microsoft\WindowsApps;C:\WINDOWS\System32\Wbem;C:\WINDOWS\System32\WindowsPowerShell\v1.0\;C:\Program Files\Microsoft SQL Server\130\Tools\Binn\;C:\Program Files (x86)\Microsoft Emulator Manager\1.0\;C:\Program Files\Git\cmd;C:\Program Files\TortoiseGit\bin;C:\Program Files (x86)\GtkSharp\2.12\bin;C:\Program Files\Redis\;C:\Users\matta\AppData\Roaming\npm;C:\Users\matta\AppData\Local\atom\bin;C:\Microsoft VS Code\bin;C:\Users\matta\AppData\Local\Microsoft\WindowsApps;
10 verbose lifecycle whenisiton@1.0.0~start: CWD: C:\Code\WhenIsItOn
11 silly lifecycle whenisiton@1.0.0~start: Args: [ '/d /s /c', 'node server.js' ]
12 silly lifecycle whenisiton@1.0.0~start: Returned: code: 1  signal: null
13 info lifecycle whenisiton@1.0.0~start: Failed to exec start script
14 verbose stack Error: whenisiton@1.0.0 start: `node server.js`
14 verbose stack Exit status 1
14 verbose stack     at EventEmitter.<anonymous> (C:\Users\matta\AppData\Roaming\npm\node_modules\npm\lib\utils\lifecycle.js:245:16)
14 verbose stack     at emitTwo (events.js:106:13)
14 verbose stack     at EventEmitter.emit (events.js:191:7)
14 verbose stack     at ChildProcess.<anonymous> (C:\Users\matta\AppData\Roaming\npm\node_modules\npm\lib\utils\spawn.js:24:14)
14 verbose stack     at emitTwo (events.js:106:13)
14 verbose stack     at ChildProcess.emit (events.js:191:7)
14 verbose stack     at maybeClose (internal/child_process.js:850:16)
14 verbose stack     at Process.ChildProcess._handle.onexit (internal/child_process.js:215:5)
15 verbose pkgid whenisiton@1.0.0
16 verbose cwd C:\Code\WhenIsItOn
17 error Windows_NT 10.0.14342
18 error argv "C:\\nodejs\\node.exe" "C:\\Users\\matta\\AppData\\Roaming\\npm\\node_modules\\npm\\bin\\npm-cli.js" "start"
19 error node v6.2.0
20 error npm  v3.9.2
21 error code ELIFECYCLE
22 error whenisiton@1.0.0 start: `node server.js`
22 error Exit status 1
23 error Failed at the whenisiton@1.0.0 start script 'node server.js'.
23 error Make sure you have the latest version of node.js and npm installed.
23 error If you do, this is most likely a problem with the whenisiton package,
23 error not with npm itself.
23 error Tell the author that this fails on your system:
23 error     node server.js
23 error You can get information on how to open an issue for this project with:
23 error     npm bugs whenisiton
23 error Or if that isn't available, you can get their info via:
23 error     npm owner ls whenisiton
23 error There is likely additional logging output above.
24 verbose exit [ 1, true ]
